\BOOKMARK [0][-]{chapter*.2}{\376\377\004\022\004\062\004\065\004\064\004\065\004\075\004\070\004\065}{}% 1
\BOOKMARK [0][-]{chapter.1}{\376\377\004\036\004\104\004\076\004\100\004\074\004\073\004\065\004\075\004\070\004\065\000\040\004\100\004\060\004\067\004\073\004\070\004\107\004\075\004\113\004\105\000\040\004\115\004\073\004\065\004\074\004\065\004\075\004\102\004\076\004\062}{}% 2
\BOOKMARK [1][-]{section.1.1}{\376\377\004\044\004\076\004\100\004\074\004\060\004\102\004\070\004\100\004\076\004\062\004\060\004\075\004\070\004\065\000\040\004\102\004\065\004\072\004\101\004\102\004\060}{chapter.1}% 3
\BOOKMARK [1][-]{section.1.2}{\376\377\004\041\004\101\004\113\004\073\004\072\004\070}{chapter.1}% 4
\BOOKMARK [1][-]{section.1.3}{\376\377\004\044\004\076\004\100\004\074\004\103\004\073\004\113}{chapter.1}% 5
\BOOKMARK [2][-]{subsection.1.3.1}{\376\377\004\035\004\065\004\075\004\103\004\074\004\065\004\100\004\076\004\062\004\060\004\075\004\075\004\113\004\065\000\040\004\076\004\064\004\070\004\075\004\076\004\107\004\075\004\113\004\065\000\040\004\104\004\076\004\100\004\074\004\103\004\073\004\113}{section.1.3}% 6
\BOOKMARK [2][-]{subsection.1.3.2}{\376\377\004\035\004\065\004\075\004\103\004\074\004\065\004\100\004\076\004\062\004\060\004\075\004\075\004\113\004\065\000\040\004\074\004\075\004\076\004\063\004\076\004\101\004\102\004\100\004\076\004\107\004\075\004\113\004\065\000\040\004\104\004\076\004\100\004\074\004\103\004\073\004\113}{section.1.3}% 7
\BOOKMARK [2][-]{subsection.1.3.3}{\376\377\004\035\004\103\004\074\004\065\004\100\004\076\004\062\004\060\004\075\004\075\004\113\004\065\000\040\004\104\004\076\004\100\004\074\004\103\004\073\004\113}{section.1.3}% 8
\BOOKMARK [2][-]{subsection.1.3.4}{\376\377\004\044\004\076\004\100\004\074\004\060\004\102\004\070\004\100\004\076\004\062\004\060\004\075\004\070\004\065\000\040\004\107\004\070\004\101\004\065\004\073\000\040\004\070\000\040\004\100\004\060\004\067\004\074\004\065\004\100\004\075\004\076\004\101\004\102\004\065\004\071\000\040\004\062\004\065\004\073\004\070\004\107\004\070\004\075}{section.1.3}% 9
\BOOKMARK [2][-]{subsection.1.3.5}{\376\377\004\027\004\060\004\063\004\076\004\073\004\076\004\062\004\072\004\070\000\040\004\101\000\040\004\104\004\076\004\100\004\074\004\103\004\073\004\060\004\074\004\070\000:\000\040\000a\000\262\000\040\000+\000\040\000b\000\262\000\040\000=\000\040\000c\000\262\000,\000\040\000|\000I\000m\003\243\000\040\000\050\003\265\000\051\000|\000\040\042\110\000\040\000c\000o\000n\000s\000t\000,\000\040\003\303\000\137\000\173\000x\000x\000\175\000\136\000\173\000\050\0001\000\051\000\175\000\040}{section.1.3}% 10
\BOOKMARK [1][-]{section.1.4}{\376\377\004\040\004\065\004\106\004\065\004\075\004\067\004\070\004\100\004\076\004\062\004\060\004\075\004\070\004\065\000\040\004\102\004\065\004\072\004\101\004\102\004\060}{chapter.1}% 11
\BOOKMARK [1][-]{section.1.5}{\376\377\004\040\004\060\004\061\004\076\004\102\004\060\000\040\004\101\004\076\000\040\004\101\004\077\004\070\004\101\004\072\004\076\004\074\000\040\004\101\004\076\004\072\004\100\004\060\004\111\004\065\004\075\004\070\004\071\000\040\004\070\000\040\004\103\004\101\004\073\004\076\004\062\004\075\004\113\004\105\000\040\004\076\004\061\004\076\004\067\004\075\004\060\004\107\004\065\004\075\004\070\004\071}{chapter.1}% 12
\BOOKMARK [0][-]{chapter.2}{\376\377\004\024\004\073\004\070\004\075\004\075\004\076\004\065\000\040\004\075\004\060\004\067\004\062\004\060\004\075\004\070\004\065\000\040\004\063\004\073\004\060\004\062\004\113\000,\000\040\004\062\000\040\004\072\004\076\004\102\004\076\004\100\004\076\004\071\000\040\004\074\004\113\000\040\004\101\004\074\004\076\004\102\004\100\004\070\004\074\000\040\004\075\004\060\000\040\004\077\004\100\004\070\004\074\004\065\004\100\004\113\000\040\004\102\004\076\004\063\004\076\000,\000\040\004\072\004\060\004\072\000\040\004\061\004\103\004\064\004\103\004\102\000\040\004\062\004\065\004\100\004\101\004\102\004\060\004\102\004\114\004\101\004\117\000\040\004\070\004\067\004\076\004\061\004\100\004\060\004\066\004\065\004\075\004\070\004\117\000\040\004\070\000\040\004\101\004\077\004\070\004\101\004\072\004\070}{}% 13
\BOOKMARK [1][-]{section.2.1}{\376\377\004\036\004\064\004\070\004\075\004\076\004\107\004\075\004\076\004\065\000\040\004\070\004\067\004\076\004\061\004\100\004\060\004\066\004\065\004\075\004\070\004\065}{chapter.2}% 14
\BOOKMARK [1][-]{section.2.2}{\376\377\004\024\004\073\004\070\004\075\004\075\004\076\004\065\000\040\004\075\004\060\004\067\004\062\004\060\004\075\004\070\004\065\000\040\004\077\004\060\004\100\004\060\004\063\004\100\004\060\004\104\004\060\000,\000\040\004\062\000\040\004\072\004\076\004\102\004\076\004\100\004\076\004\074\000\040\004\074\004\113\000\040\004\103\004\067\004\075\004\060\004\121\004\074\000\040\004\072\004\060\004\072\000\040\004\101\004\064\004\065\004\073\004\060\004\102\004\114\000\040\004\064\004\062\004\065\000\040\004\072\004\060\004\100\004\102\004\070\004\075\004\072\004\070\000\040\004\101\000\040\004\076\004\061\004\111\004\070\004\074\000\040\004\075\004\076\004\074\004\065\004\100\004\076\004\074\000\040\004\070\000\040\004\075\004\060\004\067\004\062\004\060\004\075\004\070\004\065\004\074}{chapter.2}% 15
\BOOKMARK [1][-]{section.2.3}{\376\377\004\037\004\100\004\070\004\074\004\065\004\100\000\040\004\062\004\121\004\100\004\101\004\102\004\072\004\070\000\040\004\101\004\077\004\070\004\101\004\072\004\076\004\062}{chapter.2}% 16
\BOOKMARK [1][-]{section.2.4}{\376\377\004\042\004\100\004\060\004\064\004\070\004\106\004\070\004\070\000\040\004\100\004\103\004\101\004\101\004\072\004\076\004\063\004\076\000\040\004\075\004\060\004\061\004\076\004\100\004\060}{chapter.2}% 17
\BOOKMARK [2][-]{subsection.2.4.1}{\376\377\004\037\004\100\004\076\004\061\004\065\004\073\004\113}{section.2.4}% 18
\BOOKMARK [2][-]{subsection.2.4.2}{\376\377\004\034\004\060\004\102\004\065\004\074\004\060\004\102\004\070\004\107\004\065\004\101\004\072\004\070\004\065\000\040\004\067\004\075\004\060\004\072\004\070\000\040\004\070\000\040\004\101\004\070\004\074\004\062\004\076\004\073\004\113}{section.2.4}% 19
\BOOKMARK [2][-]{subsection.2.4.3}{\376\377\004\032\004\060\004\062\004\113\004\107\004\072\004\070}{section.2.4}% 20
\BOOKMARK [2][-]{subsection.2.4.4}{\376\377\004\042\004\070\004\100\004\065}{section.2.4}% 21
\BOOKMARK [2][-]{subsection.2.4.5}{\376\377\004\024\004\065\004\104\004\070\004\101\004\113\000\040\004\070\000\040\004\077\004\065\004\100\004\065\004\075\004\076\004\101\004\113\000\040\004\101\004\073\004\076\004\062}{section.2.4}% 22
\BOOKMARK [1][-]{section.2.5}{\376\377\004\042\004\065\004\072\004\101\004\102\000\040\004\070\004\067\000\040\004\077\004\060\004\075\004\063\004\100\004\060\004\074\004\074\000\040\004\070\000\040\004\104\004\076\004\100\004\074\004\103\004\073}{chapter.2}% 23
\BOOKMARK [0][-]{chapter.3}{\376\377\004\022\004\121\004\100\004\101\004\102\004\072\004\060\000\040\004\102\004\060\004\061\004\073\004\070\004\106}{}% 24
\BOOKMARK [1][-]{section.3.1}{\376\377\004\042\004\060\004\061\004\073\004\070\004\106\004\060\000\040\004\076\004\061\004\113\004\072\004\075\004\076\004\062\004\065\004\075\004\075\004\060\004\117}{chapter.3}% 25
\BOOKMARK [1][-]{section.3.2}{\376\377\004\042\004\060\004\061\004\073\004\070\004\106\004\060\000\040\004\101\000\040\004\074\004\075\004\076\004\063\004\076\004\101\004\102\004\100\004\076\004\107\004\075\004\113\004\074\004\070\000\040\004\117\004\107\004\065\004\071\004\072\004\060\004\074\004\070\000\040\004\070\000\040\004\077\004\100\004\070\004\074\004\065\004\107\004\060\004\075\004\070\004\065\004\074}{chapter.3}% 26
\BOOKMARK [1][-]{section.3.3}{\376\377\004\042\004\060\004\061\004\073\004\070\004\106\004\113\000\040\004\101\000\040\004\104\004\076\004\100\004\074\004\060\004\102\004\070\004\100\004\076\004\062\004\060\004\075\004\075\004\113\004\074\004\070\000\040\004\107\004\070\004\101\004\073\004\060\004\074\004\070}{chapter.3}% 27
\BOOKMARK [1][-]{section.3.4}{\376\377\004\037\004\060\004\100\004\060\004\063\004\100\004\060\004\104\000\040\000\040\004\064\004\062\004\060}{chapter.3}% 28
\BOOKMARK [1][-]{section.3.5}{\376\377\004\037\004\060\004\100\004\060\004\063\004\100\004\060\004\104\000\040\004\101\000\040\004\077\004\076\004\064\004\077\004\060\004\100\004\060\004\063\004\100\004\060\004\104\004\060\004\074\004\070}{chapter.3}% 29
\BOOKMARK [2][-]{subsection.3.5.1}{\376\377\004\037\004\076\004\064\004\077\004\060\004\100\004\060\004\063\004\100\004\060\004\104\000\040\000\040\004\076\004\064\004\070\004\075}{section.3.5}% 30
\BOOKMARK [2][-]{subsection.3.5.2}{\376\377\004\037\004\076\004\064\004\077\004\060\004\100\004\060\004\063\004\100\004\060\004\104\000\040\000\040\004\064\004\062\004\060}{section.3.5}% 31
\BOOKMARK [0][-]{chapter*.30}{\376\377\004\027\004\060\004\072\004\073\004\116\004\107\004\065\004\075\004\070\004\065}{}% 32
\BOOKMARK [0][-]{chapter*.31}{\376\377\004\041\004\077\004\070\004\101\004\076\004\072\000\040\004\101\004\076\004\072\004\100\004\060\004\111\004\065\004\075\004\070\004\071\000\040\004\070\000\040\004\103\004\101\004\073\004\076\004\062\004\075\004\113\004\105\000\040\004\076\004\061\004\076\004\067\004\075\004\060\004\107\004\065\004\075\004\070\004\071}{}% 33
\BOOKMARK [0][-]{chapter*.32}{\376\377\004\041\004\073\004\076\004\062\004\060\004\100\004\114\000\040\004\102\004\065\004\100\004\074\004\070\004\075\004\076\004\062}{}% 34
\BOOKMARK [0][-]{section*.34}{\376\377\004\041\004\077\004\070\004\101\004\076\004\072\000\040\004\073\004\070\004\102\004\065\004\100\004\060\004\102\004\103\004\100\004\113}{}% 35
\BOOKMARK [0][-]{section*.35}{\376\377\004\041\004\077\004\070\004\101\004\076\004\072\000\040\004\100\004\070\004\101\004\103\004\075\004\072\004\076\004\062}{}% 36
\BOOKMARK [0][-]{section*.36}{\376\377\004\041\004\077\004\070\004\101\004\076\004\072\000\040\004\102\004\060\004\061\004\073\004\070\004\106}{}% 37
\BOOKMARK [0][-]{appendix.A}{\376\377\004\037\004\100\004\070\004\074\004\065\004\100\004\113\000\040\004\062\004\101\004\102\004\060\004\062\004\072\004\070\000\040\004\073\004\070\004\101\004\102\004\070\004\075\004\063\004\076\004\062\000\040\004\077\004\100\004\076\004\063\004\100\004\060\004\074\004\074\004\075\004\076\004\063\004\076\000\040\004\072\004\076\004\064\004\060}{}% 38
\BOOKMARK [0][-]{appendix.B}{\376\377\004\036\004\107\004\065\004\075\004\114\000\040\004\064\004\073\004\070\004\075\004\075\004\076\004\065\000\040\004\075\004\060\004\067\004\062\004\060\004\075\004\070\004\065\000\040\004\062\004\102\004\076\004\100\004\076\004\063\004\076\000\040\004\077\004\100\004\070\004\073\004\076\004\066\004\065\004\075\004\070\004\117\000,\000\040\004\062\000\040\004\072\004\076\004\102\004\076\004\100\004\076\004\074\000\040\004\077\004\100\004\076\004\064\004\065\004\074\004\076\004\075\004\101\004\102\004\100\004\070\004\100\004\076\004\062\004\060\004\075\004\060\000\040\004\100\004\060\004\061\004\076\004\102\004\060\000\040\004\101\000\040\004\064\004\073\004\070\004\075\004\075\004\113\004\074\004\070\000\040\004\102\004\060\004\061\004\073\004\070\004\106\004\060\004\074\004\070}{}% 39
\BOOKMARK [1][-]{section.B.1}{\376\377\004\037\004\076\004\064\004\100\004\060\004\067\004\064\004\065\004\073\000\040\004\077\004\100\004\070\004\073\004\076\004\066\004\065\004\075\004\070\004\117}{appendix.B}% 40
\BOOKMARK [1][-]{section.B.2}{\376\377\004\025\004\111\004\121\000\040\004\076\004\064\004\070\004\075\000\040\004\077\004\076\004\064\004\100\004\060\004\067\004\064\004\065\004\073\000\040\004\077\004\100\004\070\004\073\004\076\004\066\004\065\004\075\004\070\004\117}{appendix.B}% 41
\BOOKMARK [1][-]{section.B.3}{\376\377\004\030\004\101\004\077\004\076\004\073\004\114\004\067\004\076\004\062\004\060\004\075\004\070\004\065\000\040\004\064\004\073\004\070\004\075\004\075\004\113\004\105\000\040\004\102\004\060\004\061\004\073\004\070\004\106\000\040\004\101\000\040\004\076\004\072\004\100\004\103\004\066\004\065\004\075\004\070\004\065\004\074\000\040\000l\000o\000n\000g\000t\000a\000b\000u}{appendix.B}% 42
\BOOKMARK [1][-]{section.B.4}{\376\377\004\044\004\076\004\100\004\074\004\060\004\102\004\070\004\100\004\076\004\062\004\060\004\075\004\070\004\065\000\040\004\062\004\075\004\103\004\102\004\100\004\070\000\040\004\102\004\060\004\061\004\073\004\070\004\106}{appendix.B}% 43
\BOOKMARK [1][-]{section.B.5}{\376\377\004\041\004\102\004\060\004\075\004\064\004\060\004\100\004\102\004\075\004\113\004\065\000\040\004\077\004\100\004\065\004\104\004\070\004\072\004\101\004\113\000\040\004\101\004\101\004\113\004\073\004\076\004\072}{appendix.B}% 44
\BOOKMARK [1][-]{section.B.6}{\376\377\004\036\004\107\004\065\004\100\004\065\004\064\004\075\004\076\004\071\000\040\004\077\004\076\004\064\004\100\004\060\004\067\004\064\004\065\004\073\000\040\004\077\004\100\004\070\004\073\004\076\004\066\004\065\004\075\004\070\004\117}{appendix.B}% 45
\BOOKMARK [1][-]{section.B.7}{\376\377\004\030\000\040\004\065\004\111\004\121\000\040\004\076\004\064\004\070\004\075\000\040\004\077\004\076\004\064\004\100\004\060\004\067\004\064\004\065\004\073\000\040\004\077\004\100\004\070\004\073\004\076\004\066\004\065\004\075\004\070\004\117}{appendix.B}% 46
\BOOKMARK [0][-]{appendix.C}{\376\377\004\047\004\065\004\100\004\102\004\121\004\066\000\040\004\064\004\065\004\102\004\060\004\073\004\070}{}% 47
