This is pdfTeX, Version 3.141592653-2.6-1.40.26 (TeX Live 2024) (preloaded format=pdflatex 2024.3.27)  21 NOV 2024 14:51
entering extended mode
 restricted \write18 enabled.
 file:line:error style messages enabled.
 %&-line parsing enabled.
**synopsis_booklet.tex
(./synopsis_booklet.tex
LaTeX2e <2023-11-01> patch level 1
L3 programming layer <2024-02-20>
(/usr/local/texlive/2024/texmf-dist/tex/latex/koma-script/scrartcl.cls
Document Class: scrartcl 2023/07/07 v3.41 KOMA-Script document class (article)
(/usr/local/texlive/2024/texmf-dist/tex/latex/koma-script/scrkbase.sty
Package: scrkbase 2023/07/07 v3.41 KOMA-Script package (KOMA-Script-dependent b
asics and keyval usage)

(/usr/local/texlive/2024/texmf-dist/tex/latex/koma-script/scrbase.sty
Package: scrbase 2023/07/07 v3.41 KOMA-Script package (KOMA-Script-independent 
basics and keyval usage)

(/usr/local/texlive/2024/texmf-dist/tex/latex/koma-script/scrlfile.sty
Package: scrlfile 2023/07/07 v3.41 KOMA-Script package (file load hooks)

(/usr/local/texlive/2024/texmf-dist/tex/latex/koma-script/scrlfile-hook.sty
Package: scrlfile-hook 2023/07/07 v3.41 KOMA-Script package (using LaTeX hooks)


(/usr/local/texlive/2024/texmf-dist/tex/latex/koma-script/scrlogo.sty
Package: scrlogo 2023/07/07 v3.41 KOMA-Script package (logo)
)))
(/usr/local/texlive/2024/texmf-dist/tex/latex/graphics/keyval.sty
Package: keyval 2022/05/29 v1.15 key=value parser (DPC)
\KV@toks@=\toks17
)
Applying: [2021/05/01] Usage of raw or classic option list on input line 252.
Already applied: [0000/00/00] Usage of raw or classic option list on input line
 368.
))
(/usr/local/texlive/2024/texmf-dist/tex/latex/koma-script/tocbasic.sty
Package: tocbasic 2023/07/07 v3.41 KOMA-Script package (handling toc-files)
\scr@dte@tocline@numberwidth=\skip48
\scr@dte@tocline@numbox=\box51
)
Package tocbasic Info: omitting babel extension for `toc'
(tocbasic)             because of feature `nobabel' available
(tocbasic)             for `toc' on input line 133.
Class scrartcl Info: File `scrsize11pt.clo' used instead of
(scrartcl)           file `scrsize11.clo' to setup font sizes on input line 244
1.

(/usr/local/texlive/2024/texmf-dist/tex/latex/koma-script/scrsize11pt.clo
File: scrsize11pt.clo 2023/07/07 v3.41 KOMA-Script font size class option (11pt
)
)
(/usr/local/texlive/2024/texmf-dist/tex/latex/koma-script/typearea.sty
Package: typearea 2023/07/07 v3.41 KOMA-Script package (type area)
\ta@bcor=\skip49
\ta@div=\count188
\ta@hblk=\skip50
\ta@vblk=\skip51
\ta@temp=\skip52
\footheight=\skip53
Package typearea Info: These are the values describing the layout:
(typearea)             DIV  = 10
(typearea)             BCOR = 0.0pt
(typearea)             \paperwidth      = 597.50793pt
(typearea)              \textwidth      = 418.25555pt
(typearea)              DIV departure   = -6%
(typearea)              \evensidemargin = 17.3562pt
(typearea)              \oddsidemargin  = 17.3562pt
(typearea)             \paperheight     = 845.04694pt
(typearea)              \textheight     = 595.80026pt
(typearea)              \topmargin      = -25.16531pt
(typearea)              \headheight     = 17.0pt
(typearea)              \headsep        = 20.40001pt
(typearea)              \topskip        = 11.0pt
(typearea)              \footskip       = 47.6pt
(typearea)              \baselineskip   = 13.6pt
(typearea)              on input line 1799.
)
\c@part=\count189
\c@section=\count190
\c@subsection=\count191
\c@subsubsection=\count192
\c@paragraph=\count193
\c@subparagraph=\count194
\scr@dte@section@maxnumwidth=\skip54
Class scrartcl Info: using compatibility default `runin=bysign'
(scrartcl)           for `\section on input line 5082.
Class scrartcl Info: using compatibility default `afterindent=bysign'
(scrartcl)           for `\section on input line 5082.
\scr@dte@part@maxnumwidth=\skip55
Class scrartcl Info: using compatibility default `afterindent=false'
(scrartcl)           for `\part on input line 5090.
\scr@dte@subsection@maxnumwidth=\skip56
Class scrartcl Info: using compatibility default `runin=bysign'
(scrartcl)           for `\subsection on input line 5100.
Class scrartcl Info: using compatibility default `afterindent=bysign'
(scrartcl)           for `\subsection on input line 5100.
\scr@dte@subsubsection@maxnumwidth=\skip57
Class scrartcl Info: using compatibility default `runin=bysign'
(scrartcl)           for `\subsubsection on input line 5110.
Class scrartcl Info: using compatibility default `afterindent=bysign'
(scrartcl)           for `\subsubsection on input line 5110.
\scr@dte@paragraph@maxnumwidth=\skip58
Class scrartcl Info: using compatibility default `runin=bysign'
(scrartcl)           for `\paragraph on input line 5121.
Class scrartcl Info: using compatibility default `afterindent=bysign'
(scrartcl)           for `\paragraph on input line 5121.
\scr@dte@subparagraph@maxnumwidth=\skip59
Class scrartcl Info: using compatibility default `runin=bysign'
(scrartcl)           for `\subparagraph on input line 5131.
Class scrartcl Info: using compatibility default `afterindent=bysign'
(scrartcl)           for `\subparagraph on input line 5131.
\abovecaptionskip=\skip60
\belowcaptionskip=\skip61
\c@pti@nb@sid@b@x=\box52
Package tocbasic Info: omitting babel extension for `lof'
(tocbasic)             because of feature `nobabel' available
(tocbasic)             for `lof' on input line 6309.
\scr@dte@figure@maxnumwidth=\skip62
\c@figure=\count195
Package tocbasic Info: omitting babel extension for `lot'
(tocbasic)             because of feature `nobabel' available
(tocbasic)             for `lot' on input line 6325.
\scr@dte@table@maxnumwidth=\skip63
\c@table=\count196
Class scrartcl Info: Redefining `\numberline' on input line 6495.
\bibindent=\dimen140
)
(/usr/local/texlive/2024/texmf-dist/tex/latex/pdfpages/pdfpages.sty
Package: pdfpages 2024/01/21 v0.5y Insert pages of external PDF documents (AM)

(/usr/local/texlive/2024/texmf-dist/tex/latex/base/ifthen.sty
Package: ifthen 2022/04/13 v1.1d Standard LaTeX ifthen package (DPC)
)
(/usr/local/texlive/2024/texmf-dist/tex/latex/tools/calc.sty
Package: calc 2023/07/08 v4.3 Infix arithmetic (KKT,FJ)
\calc@Acount=\count197
\calc@Bcount=\count198
\calc@Adimen=\dimen141
\calc@Bdimen=\dimen142
\calc@Askip=\skip64
\calc@Bskip=\skip65
LaTeX Info: Redefining \setlength on input line 80.
LaTeX Info: Redefining \addtolength on input line 81.
\calc@Ccount=\count199
\calc@Cskip=\skip66
)
(/usr/local/texlive/2024/texmf-dist/tex/latex/eso-pic/eso-pic.sty
Package: eso-pic 2023/05/03 v3.0c eso-pic (RN)
\ESO@tempdima=\dimen143
\ESO@tempdimb=\dimen144

(/usr/local/texlive/2024/texmf-dist/tex/latex/xcolor/xcolor.sty
Package: xcolor 2023/11/15 v3.01 LaTeX color extensions (UK)

(/usr/local/texlive/2024/texmf-dist/tex/latex/graphics-cfg/color.cfg
File: color.cfg 2016/01/02 v1.6 sample color configuration
)
Package xcolor Info: Driver file: pdftex.def on input line 274.

(/usr/local/texlive/2024/texmf-dist/tex/latex/graphics-def/pdftex.def
File: pdftex.def 2022/09/22 v1.2b Graphics/color driver for pdftex
)
(/usr/local/texlive/2024/texmf-dist/tex/latex/graphics/mathcolor.ltx)
Package xcolor Info: Model `cmy' substituted by `cmy0' on input line 1350.
Package xcolor Info: Model `hsb' substituted by `rgb' on input line 1354.
Package xcolor Info: Model `RGB' extended on input line 1366.
Package xcolor Info: Model `HTML' substituted by `rgb' on input line 1368.
Package xcolor Info: Model `Hsb' substituted by `hsb' on input line 1369.
Package xcolor Info: Model `tHsb' substituted by `hsb' on input line 1370.
Package xcolor Info: Model `HSB' substituted by `hsb' on input line 1371.
Package xcolor Info: Model `Gray' substituted by `gray' on input line 1372.
Package xcolor Info: Model `wave' substituted by `hsb' on input line 1373.
))
(/usr/local/texlive/2024/texmf-dist/tex/latex/graphics/graphicx.sty
Package: graphicx 2021/09/16 v1.2d Enhanced LaTeX Graphics (DPC,SPQR)

(/usr/local/texlive/2024/texmf-dist/tex/latex/graphics/graphics.sty
Package: graphics 2022/03/10 v1.4e Standard LaTeX Graphics (DPC,SPQR)

(/usr/local/texlive/2024/texmf-dist/tex/latex/graphics/trig.sty
Package: trig 2021/08/11 v1.11 sin cos tan (DPC)
)
(/usr/local/texlive/2024/texmf-dist/tex/latex/graphics-cfg/graphics.cfg
File: graphics.cfg 2016/06/04 v1.11 sample graphics configuration
)
Package graphics Info: Driver file: pdftex.def on input line 107.
)
\Gin@req@height=\dimen145
\Gin@req@width=\dimen146
)
\AM@pagewidth=\dimen147
\AM@pageheight=\dimen148
\AM@fboxrule=\dimen149

(/usr/local/texlive/2024/texmf-dist/tex/latex/pdfpages/pppdftex.def
File: pppdftex.def 2024/01/21 v0.5y Pdfpages driver for pdfTeX (AM)
)
\pdfpages@includegraphics@status=\count266
\AM@pagebox=\box53
\AM@global@opts=\toks18
\AM@pagecnt=\count267
\AM@toc@title=\toks19
\AM@lof@heading=\toks20
\c@AM@survey=\count268
\AM@templatesizebox=\box54
)
(/usr/local/texlive/2024/texmf-dist/tex/latex/l3backend/l3backend-pdftex.def
File: l3backend-pdftex.def 2024-02-20 L3 backend support: PDF output (pdfTeX)
\l__color_backend_stack_int=\count269
\l__pdf_internal_box=\box55
)
No file synopsis_booklet.aux.
\openout1 = `synopsis_booklet.aux'.

LaTeX Font Info:    Checking defaults for OML/cmm/m/it on input line 4.
LaTeX Font Info:    ... okay on input line 4.
LaTeX Font Info:    Checking defaults for OMS/cmsy/m/n on input line 4.
LaTeX Font Info:    ... okay on input line 4.
LaTeX Font Info:    Checking defaults for OT1/cmr/m/n on input line 4.
LaTeX Font Info:    ... okay on input line 4.
LaTeX Font Info:    Checking defaults for T1/cmr/m/n on input line 4.
LaTeX Font Info:    ... okay on input line 4.
LaTeX Font Info:    Checking defaults for TS1/cmr/m/n on input line 4.
LaTeX Font Info:    ... okay on input line 4.
LaTeX Font Info:    Checking defaults for OMX/cmex/m/n on input line 4.
LaTeX Font Info:    ... okay on input line 4.
LaTeX Font Info:    Checking defaults for U/cmr/m/n on input line 4.
LaTeX Font Info:    ... okay on input line 4.
Package scrbase Info: activating english \abstractname on input line 4.
Package scrbase Info: activating english \partname on input line 4.
Package scrbase Info: activating english \figurename on input line 4.
Package scrbase Info: activating english \tablename on input line 4.
Package scrbase Info: activating english \contentsname on input line 4.
Package scrbase Info: activating english \listfigurename on input line 4.
Package scrbase Info: activating english \listtablename on input line 4.
Package scrbase Info: activating english \refname on input line 4.
Package scrbase Info: activating english \indexname on input line 4.
(/usr/local/texlive/2024/texmf-dist/tex/context/base/mkii/supp-pdf.mkii
[Loading MPS to PDF converter (version 2006.09.02).]
\scratchcounter=\count270
\scratchdimen=\dimen150
\scratchbox=\box56
\nofMPsegments=\count271
\nofMParguments=\count272
\everyMPshowfont=\toks21
\MPscratchCnt=\count273
\MPscratchDim=\dimen151
\MPnumerator=\count274
\makeMPintoPDFobject=\count275
\everyMPtoPDFconversion=\toks22
) (/usr/local/texlive/2024/texmf-dist/tex/latex/epstopdf-pkg/epstopdf-base.sty
Package: epstopdf-base 2020-01-24 v2.11 Base part for package epstopdf
Package epstopdf-base Info: Redefining graphics rule for `.eps' on input line 4
85.

(/usr/local/texlive/2024/texmf-dist/tex/latex/latexconfig/epstopdf-sys.cfg
File: epstopdf-sys.cfg 2010/07/13 v1.3 Configuration of (r)epstopdf for TeX Liv
e
))
(/usr/local/texlive/2024/texmf-dist/tex/latex/pdflscape/pdflscape.sty
Package: pdflscape 2022-10-27 v0.13 Display of landscape pages in PDF

(/usr/local/texlive/2024/texmf-dist/tex/latex/pdflscape/pdflscape-nometadata.st
y
Package: pdflscape-nometadata 2022-10-28 v0.13 Display of landscape pages in PD
F (HO)
 (/usr/local/texlive/2024/texmf-dist/tex/generic/iftex/iftex.sty
Package: iftex 2022/02/03 v1.0f TeX engine tests
)
(/usr/local/texlive/2024/texmf-dist/tex/latex/graphics/lscape.sty
Package: lscape 2020/05/28 v3.02 Landscape Pages (DPC)
)
Package pdflscape Info: Auto-detected driver: pdftex on input line 81.
))
<synopsis.pdf, id=1, 421.10124pt x 597.50829pt>
File: synopsis.pdf Graphic file (type pdf)
<use synopsis.pdf>
Package pdftex.def Info: synopsis.pdf  used on input line 5.
(pdftex.def)             Requested size: 421.1002pt x 597.50682pt.
File: synopsis.pdf Graphic file (type pdf)
<use synopsis.pdf>
Package pdftex.def Info: synopsis.pdf  used on input line 5.
(pdftex.def)             Requested size: 421.1002pt x 597.50682pt.
<synopsis.pdf, id=4, page=8, 421.10124pt x 597.50829pt>
File: synopsis.pdf Graphic file (type pdf)
<use synopsis.pdf, page 8>
Package pdftex.def Info: synopsis.pdf , page8 used on input line 5.
(pdftex.def)             Requested size: 421.1002pt x 597.50682pt.
File: synopsis.pdf Graphic file (type pdf)
<use synopsis.pdf, page 8>
Package pdftex.def Info: synopsis.pdf , page8 used on input line 5.
(pdftex.def)             Requested size: 421.4536pt x 598.00826pt.
File: synopsis.pdf Graphic file (type pdf)
<use synopsis.pdf, page 8>
Package pdftex.def Info: synopsis.pdf , page8 used on input line 5.
(pdftex.def)             Requested size: 421.4536pt x 598.00826pt.
File: synopsis.pdf Graphic file (type pdf)
<use synopsis.pdf, page 8>
Package pdftex.def Info: synopsis.pdf , page8 used on input line 5.
(pdftex.def)             Requested size: 421.4536pt x 598.00826pt.
<synopsis.pdf, id=5, page=1, 421.10124pt x 597.50829pt>
File: synopsis.pdf Graphic file (type pdf)
<use synopsis.pdf, page 1>
Package pdftex.def Info: synopsis.pdf , page1 used on input line 5.
(pdftex.def)             Requested size: 421.4536pt x 598.00826pt.
File: synopsis.pdf Graphic file (type pdf)
<use synopsis.pdf, page 1>
Package pdftex.def Info: synopsis.pdf , page1 used on input line 5.
(pdftex.def)             Requested size: 421.4536pt x 598.00826pt.
File: synopsis.pdf Graphic file (type pdf)
<use synopsis.pdf, page 8>
Package pdftex.def Info: synopsis.pdf , page8 used on input line 5.
(pdftex.def)             Requested size: 421.4536pt x 598.00826pt.
File: synopsis.pdf Graphic file (type pdf)
<use synopsis.pdf, page 1>
Package pdftex.def Info: synopsis.pdf , page1 used on input line 5.
(pdftex.def)             Requested size: 421.4536pt x 598.00826pt.
 [1


 <./synopsis.pdf> <./synopsis.pdf{/usr/local/texlive/2024/texmf-var/fonts/map/p
dftex/updmap/pdftex.map}>]
<synopsis.pdf, id=46, page=7, 421.10124pt x 597.50829pt>
File: synopsis.pdf Graphic file (type pdf)
<use synopsis.pdf, page 7>
Package pdftex.def Info: synopsis.pdf , page7 used on input line 5.
(pdftex.def)             Requested size: 421.4536pt x 598.00826pt.
File: synopsis.pdf Graphic file (type pdf)
<use synopsis.pdf, page 7>
Package pdftex.def Info: synopsis.pdf , page7 used on input line 5.
(pdftex.def)             Requested size: 421.4536pt x 598.00826pt.
<synopsis.pdf, id=47, page=2, 421.10124pt x 597.50829pt>
File: synopsis.pdf Graphic file (type pdf)
<use synopsis.pdf, page 2>
Package pdftex.def Info: synopsis.pdf , page2 used on input line 5.
(pdftex.def)             Requested size: 421.4536pt x 598.00826pt.
File: synopsis.pdf Graphic file (type pdf)
<use synopsis.pdf, page 2>
Package pdftex.def Info: synopsis.pdf , page2 used on input line 5.
(pdftex.def)             Requested size: 421.4536pt x 598.00826pt.
File: synopsis.pdf Graphic file (type pdf)
<use synopsis.pdf, page 7>
Package pdftex.def Info: synopsis.pdf , page7 used on input line 5.
(pdftex.def)             Requested size: 421.4536pt x 598.00826pt.
File: synopsis.pdf Graphic file (type pdf)
<use synopsis.pdf, page 2>
Package pdftex.def Info: synopsis.pdf , page2 used on input line 5.
(pdftex.def)             Requested size: 421.4536pt x 598.00826pt.
 [2

 <./synopsis.pdf> <./synopsis.pdf>]
<synopsis.pdf, id=75, page=6, 421.10124pt x 597.50829pt>
File: synopsis.pdf Graphic file (type pdf)
<use synopsis.pdf, page 6>
Package pdftex.def Info: synopsis.pdf , page6 used on input line 5.
(pdftex.def)             Requested size: 421.4536pt x 598.00826pt.
File: synopsis.pdf Graphic file (type pdf)
<use synopsis.pdf, page 6>
Package pdftex.def Info: synopsis.pdf , page6 used on input line 5.
(pdftex.def)             Requested size: 421.4536pt x 598.00826pt.
<synopsis.pdf, id=76, page=3, 421.10124pt x 597.50829pt>
File: synopsis.pdf Graphic file (type pdf)
<use synopsis.pdf, page 3>
Package pdftex.def Info: synopsis.pdf , page3 used on input line 5.
(pdftex.def)             Requested size: 421.4536pt x 598.00826pt.
File: synopsis.pdf Graphic file (type pdf)
<use synopsis.pdf, page 3>
Package pdftex.def Info: synopsis.pdf , page3 used on input line 5.
(pdftex.def)             Requested size: 421.4536pt x 598.00826pt.
File: synopsis.pdf Graphic file (type pdf)
<use synopsis.pdf, page 6>
Package pdftex.def Info: synopsis.pdf , page6 used on input line 5.
(pdftex.def)             Requested size: 421.4536pt x 598.00826pt.
File: synopsis.pdf Graphic file (type pdf)
<use synopsis.pdf, page 3>
Package pdftex.def Info: synopsis.pdf , page3 used on input line 5.
(pdftex.def)             Requested size: 421.4536pt x 598.00826pt.
 [3

 <./synopsis.pdf> <./synopsis.pdf>]
<synopsis.pdf, id=90, page=5, 421.10124pt x 597.50829pt>
File: synopsis.pdf Graphic file (type pdf)
<use synopsis.pdf, page 5>
Package pdftex.def Info: synopsis.pdf , page5 used on input line 5.
(pdftex.def)             Requested size: 421.4536pt x 598.00826pt.
File: synopsis.pdf Graphic file (type pdf)
<use synopsis.pdf, page 5>
Package pdftex.def Info: synopsis.pdf , page5 used on input line 5.
(pdftex.def)             Requested size: 421.4536pt x 598.00826pt.
<synopsis.pdf, id=91, page=4, 421.10124pt x 597.50829pt>
File: synopsis.pdf Graphic file (type pdf)
<use synopsis.pdf, page 4>
Package pdftex.def Info: synopsis.pdf , page4 used on input line 5.
(pdftex.def)             Requested size: 421.4536pt x 598.00826pt.
File: synopsis.pdf Graphic file (type pdf)
<use synopsis.pdf, page 4>
Package pdftex.def Info: synopsis.pdf , page4 used on input line 5.
(pdftex.def)             Requested size: 421.4536pt x 598.00826pt.
File: synopsis.pdf Graphic file (type pdf)
<use synopsis.pdf, page 5>
Package pdftex.def Info: synopsis.pdf , page5 used on input line 5.
(pdftex.def)             Requested size: 421.4536pt x 598.00826pt.
File: synopsis.pdf Graphic file (type pdf)
<use synopsis.pdf, page 4>
Package pdftex.def Info: synopsis.pdf , page4 used on input line 5.
(pdftex.def)             Requested size: 421.4536pt x 598.00826pt.
 [4

 <./synopsis.pdf> <./synopsis.pdf>] (./synopsis_booklet.aux)
 ***********
LaTeX2e <2023-11-01> patch level 1
L3 programming layer <2024-02-20>
 ***********
 ) 
Here is how much of TeX's memory you used:
 5622 strings out of 474116
 115938 string characters out of 5743682
 1928187 words of memory out of 5000000
 27969 multiletter control sequences out of 15000+600000
 558369 words of font info for 37 fonts, out of 8000000 for 9000
 1141 hyphenation exceptions out of 8191
 108i,19n,107p,10932b,477s stack positions out of 10000i,1000n,20000p,200000b,200000s
</usr/local/texlive/2024/texmf-dist/fonts/type1/public/amsfonts/cm/cmmi10.pfb
></usr/local/texlive/2024/texmf-dist/fonts/type1/public/amsfonts/cm/cmmi5.pfb><
/usr/local/texlive/2024/texmf-dist/fonts/type1/public/amsfonts/cm/cmmi7.pfb></u
sr/local/texlive/2024/texmf-dist/fonts/type1/public/amsfonts/cm/cmr10.pfb></usr
/local/texlive/2024/texmf-dist/fonts/type1/public/amsfonts/cm/cmsy9.pfb></usr/l
ocal/texlive/2024/texmf-dist/fonts/type1/public/cm-super/sfbx1000.pfb></usr/loc
al/texlive/2024/texmf-dist/fonts/type1/public/cm-super/sfbx1095.pfb></usr/local
/texlive/2024/texmf-dist/fonts/type1/public/cm-super/sfbx1200.pfb></usr/local/t
exlive/2024/texmf-dist/fonts/type1/public/cm-super/sfrm0700.pfb></usr/local/tex
live/2024/texmf-dist/fonts/type1/public/cm-super/sfrm0900.pfb></usr/local/texli
ve/2024/texmf-dist/fonts/type1/public/cm-super/sfrm1000.pfb></usr/local/texlive
/2024/texmf-dist/fonts/type1/public/cm-super/sfrm1095.pfb></usr/local/texlive/2
024/texmf-dist/fonts/type1/public/cm-super/sfrm1200.pfb></usr/local/texlive/202
4/texmf-dist/fonts/type1/public/cm-super/sfti0900.pfb></usr/local/texlive/2024/
texmf-dist/fonts/type1/public/cm-super/sftt1000.pfb>
Output written on synopsis_booklet.pdf (4 pages, 273852 bytes).
PDF statistics:
 137 PDF objects out of 1000 (max. 8388607)
 92 compressed objects within 1 object stream
 0 named destinations out of 1000 (max. 500000)
 56 words of extra memory for PDF output out of 10000 (max. 10000000)

