This is pdfTeX, Version 3.14159265-2.6-1.40.20 (TeX Live 2019) (preloaded format=pdflatex 2024.2.13)  14 FEB 2024 14:17
entering extended mode
 restricted \write18 enabled.
 file:line:error style messages enabled.
 %&-line parsing enabled.
**setup.tex
(./setup.tex
LaTeX2e <2020-02-02> patch level 5
L3 programming layer <2020-02-25>
\c@draft=\count167
\c@showmarkup=\count168
\c@usealtfont=\count169
\c@fontfamily=\count170
\c@bibliosel=\count171
\c@mediadisplay=\count172
\c@imgprecompile=\count173
)
*
! Emergency stop.
<*> setup.tex
             
End of file on the terminal!

 
Here is how much of TeX's memory you used:
 43 strings out of 480994
 715 string characters out of 5912142
 237785 words of memory out of 5000000
 15657 multiletter control sequences out of 15000+600000
 532338 words of font info for 24 fonts, out of 8000000 for 9000
 1141 hyphenation exceptions out of 8191
 12i,0n,18p,154b,8s stack positions out of 5000i,500n,10000p,200000b,80000s
!  ==> Fatal error occurred, no output PDF file produced!
